<?xml version="1.0" encoding="UTF-8"?>
<!-- Generated by org.testng.reporters.JUnitReportReporter -->
<testsuite hostname="LT-VivekG" failures="0" tests="1" name="com.AmazonAutomationProject.testCases.SearchProductTest" time="17.009" errors="0" timestamp="16 Sep 2024 07:46:17 GMT" skipped="0">
  <testcase classname="com.AmazonAutomationProject.testCases.SearchProductTest" name="verifySearchProduct" time="17.009"/>
</testsuite> <!-- com.AmazonAutomationProject.testCases.SearchProductTest -->
